\BOOKMARK [1][-]{section.1}{\376\377\133\306\136\246\173\227\173\046}{}% 1
\BOOKMARK [2][-]{subsection.1.1}{\376\377\133\306\136\246\173\227\173\046\166\204\137\025\121\145\124\214\133\232\116\111}{section.1}% 2
\BOOKMARK [2][-]{subsection.1.2}{\376\377\116\044\171\315\133\306\136\246\173\227\173\046\166\204\140\047\215\050}{section.1}% 3
\BOOKMARK [2][-]{subsection.1.3}{\376\377\133\306\136\246\167\351\226\065\165\050\147\145\143\317\217\360\155\367\124\010\140\001}{section.1}% 4
\BOOKMARK [2][-]{subsection.1.4}{\376\377\133\306\136\246\173\227\173\046\124\214\176\337\213\241}{section.1}% 5
\BOOKMARK [1][-]{section.2}{\376\377\124\011\136\003\145\257\122\006\136\003}{}% 6
\BOOKMARK [2][-]{subsection.2.1}{\376\377\137\256\153\143\122\031\122\006\136\003}{section.2}% 7
\BOOKMARK [2][-]{subsection.2.2}{\376\377\153\143\122\031\122\006\136\003}{section.2}% 8
\BOOKMARK [3][-]{subsubsection.2.2.1}{\376\377\153\143\122\031\122\006\136\003\166\204\133\374\121\372}{subsection.2.2}% 9
\BOOKMARK [3][-]{subsubsection.2.2.2}{\376\377\221\115\122\006\121\375\145\160\123\312\121\166\160\355\122\233\133\146\121\154\137\017}{subsection.2.2}% 10
\BOOKMARK [2][-]{subsection.2.3}{\376\377\136\046\147\011\131\026\123\302\221\317\166\204\153\143\122\031\122\006\136\003}{section.2}% 11
\BOOKMARK [2][-]{subsection.2.4}{\376\377\135\350\153\143\122\031\122\006\136\003}{section.2}% 12
\BOOKMARK [1][-]{section.3}{\376\377\145\057\176\277\0001\040\024\164\006\140\363\154\024\117\123}{}% 13
\BOOKMARK [2][-]{subsection.3.1}{\376\377\176\317\121\170\147\201\226\120\040\024\143\011\000"\000A\000F\000-\0009\000m\000u\000h\166\204\134\125\137\000\137\017}{section.3}% 14
\BOOKMARK [3][-]{subsubsection.3.1.1}{\376\377\221\115\122\006\121\375\145\160\166\204\134\125\137\000}{subsection.3.1}% 15
\BOOKMARK [1][-]{section.4}{\376\377\163\273\202\162\122\006\136\003\124\214\215\071\174\163\122\006\136\003}{}% 16
\BOOKMARK [2][-]{subsection.4.1}{\376\377\121\150\124\014\174\222\133\120\166\204\116\244\143\142\133\371\171\360\140\047}{section.4}% 17
\BOOKMARK [2][-]{subsection.4.2}{\376\377\163\273\202\162\122\006\136\003\124\214\215\071\174\163\122\006\136\003}{section.4}% 18
\BOOKMARK [3][-]{subsubsection.4.2.1}{\376\377\215\071\174\163\122\006\136\003}{subsection.4.2}% 19
\BOOKMARK [3][-]{subsubsection.4.2.2}{\376\377\163\273\202\162\122\006\136\003}{subsection.4.2}% 20
\BOOKMARK [2][-]{subsection.4.3}{\376\377\116\316\145\160\145\160\137\000\131\313\133\374\121\372\215\071\174\163\122\006\136\003\124\214\163\273\202\162\122\006\136\003}{section.4}% 21
\BOOKMARK [2][-]{subsection.4.4}{\376\377\164\006\140\363\221\317\133\120\154\024\117\123}{section.4}% 22
\BOOKMARK [2][-]{subsection.4.5}{\376\377\137\072\173\200\136\166\215\071\174\163\154\024\117\123}{section.4}% 23
\BOOKMARK [3][-]{subsubsection.4.5.1}{\376\377\226\366\156\051\116\013\166\204\215\071\174\163\154\024\117\123}{subsection.4.5}% 24
\BOOKMARK [3][-]{subsubsection.4.5.2}{\376\377\173\200\136\166\215\071\174\163\154\024\166\204\160\355\133\271}{subsection.4.5}% 25
\BOOKMARK [2][-]{subsection.4.6}{\376\377\173\200\136\166\165\065\133\120\154\024\166\204\170\301\140\047\000.\137\061\127\072}{section.4}% 26
\BOOKMARK [2][-]{subsection.4.7}{\376\377\173\200\136\166\165\065\133\120\154\024\166\204\170\301\140\047\000.\137\072\127\072}{section.4}% 27
\BOOKMARK [3][-]{subsubsection.4.7.1}{\376\377\166\370\133\371\213\272\140\047\173\200\136\166\215\071\174\163\154\024\117\123}{subsection.4.7}% 28
\BOOKMARK [2][-]{subsection.4.8}{\376\377\173\200\136\166\163\273\202\162\154\024\117\123}{section.4}% 29
\BOOKMARK [2][-]{subsection.4.9}{\376\377\236\321\117\123\217\220\134\004}{section.4}% 30
\BOOKMARK [1][-]{section.5}{\376\377\227\136\164\006\140\363\154\024\117\123}{}% 31
\BOOKMARK [2][-]{subsection.5.1}{\376\377\137\025\121\145\000-\227\136\164\006\140\363\154\024\117\123\166\204\116\000\226\066\117\356\153\143}{section.5}% 32
\BOOKMARK [2][-]{subsection.5.2}{\376\377\226\306\126\342\134\125\137\000}{section.5}% 33
\BOOKMARK [2][-]{subsection.5.3}{\376\377\203\003\137\267\164\346\134\024\145\257\121\154\137\017}{section.5}% 34
\BOOKMARK [1][-]{section.6}{\376\377\154\024\117\123\122\250\164\006\133\146}{}% 35
\BOOKMARK [2][-]{subsection.6.1}{\376\377\176\306\213\364\122\030\176\364\134\024\133\232\164\006}{section.6}% 36
\BOOKMARK [2][-]{subsection.6.2}{\376\377\000B\000B\000G\000K\000Y\145\271\172\013\224\376}{section.6}% 37
\BOOKMARK [2][-]{subsection.6.3}{\376\377\163\273\134\024\121\171\146\374\145\271\172\013}{section.6}% 38
\BOOKMARK [2][-]{subsection.6.4}{\376\377\000H\133\232\164\006\124\214\116\015\123\357\220\006\140\047}{section.6}% 39
\BOOKMARK [2][-]{subsection.6.5}{\376\377\000H\133\232\164\006\166\204\116\000\116\233\136\366\165\063\123\312\143\250\213\272}{section.6}% 40
\BOOKMARK [1][-]{section.7}{\376\377\166\370\123\330\124\214\156\266\155\262}{}% 41
\BOOKMARK [1][-]{section.8}{\376\377\116\214\176\247\166\370\123\330\124\214\116\064\165\114\163\260\214\141}{}% 42
\BOOKMARK [2][-]{subsection.8.1}{\376\377\116\214\176\247\166\370\123\330\173\200\116\313}{section.8}% 43
\BOOKMARK [2][-]{subsection.8.2}{\376\377\117\012\217\233\152\041\127\213}{section.8}% 44
